<?xml version="1.0" encoding="UTF-8"?>
<testsuite name="umc.spring.ApplicationTests" tests="1" skipped="0" failures="0" errors="0" timestamp="2024-12-13T17:49:43" hostname="gimminjiui-MacBookAir-1600.local" time="0.285">
  <properties/>
  <testcase name="contextLoads()" classname="umc.spring.ApplicationTests" time="0.285"/>
  <system-out><![CDATA[02:49:41.038 [Test worker] INFO org.springframework.test.context.support.AnnotationConfigContextLoaderUtils -- Could not detect default configuration classes for test class [umc.spring.ApplicationTests]: ApplicationTests does not declare any static, non-private, non-final, nested classes annotated with @Configuration.
02:49:41.094 [Test worker] INFO org.springframework.boot.test.context.SpringBootTestContextBootstrapper -- Found @SpringBootConfiguration umc.spring.Application for test class umc.spring.ApplicationTests

  .   ____          _            __ _ _
 /\\ / ___'_ __ _ _(_)_ __  __ _ \ \ \ \
( ( )\___ | '_ | '_| | '_ \/ _` | \ \ \ \
 \\/  ___)| |_)| | | | | || (_| |  ) ) ) )
  '  |____| .__|_| |_|_| |_\__, | / / / /
 =========|_|==============|___/=/_/_/_/

 :: Spring Boot ::                (v3.3.3)

2024-12-14T02:49:41.281+09:00  INFO 87171 --- [    Test worker] umc.spring.ApplicationTests              : Starting ApplicationTests using Java 17.0.13 with PID 87171 (started by xxinzzi in /Users/xxinzzi/Desktop/UMC Spring/umc-7th-springboot-study)
2024-12-14T02:49:41.282+09:00  INFO 87171 --- [    Test worker] umc.spring.ApplicationTests              : No active profile set, falling back to 1 default profile: "default"
2024-12-14T02:49:41.638+09:00  INFO 87171 --- [    Test worker] .s.d.r.c.RepositoryConfigurationDelegate : Bootstrapping Spring Data JPA repositories in DEFAULT mode.
2024-12-14T02:49:41.682+09:00  INFO 87171 --- [    Test worker] .s.d.r.c.RepositoryConfigurationDelegate : Finished Spring Data repository scanning in 40 ms. Found 6 JPA repository interfaces.
2024-12-14T02:49:41.936+09:00  INFO 87171 --- [    Test worker] o.hibernate.jpa.internal.util.LogHelper  : HHH000204: Processing PersistenceUnitInfo [name: default]
2024-12-14T02:49:41.953+09:00  INFO 87171 --- [    Test worker] org.hibernate.Version                    : HHH000412: Hibernate ORM core version 6.0.2.Final
2024-12-14T02:49:42.015+09:00  WARN 87171 --- [    Test worker] org.hibernate.orm.deprecation            : HHH90000021: Encountered deprecated setting [javax.persistence.sharedCache.mode], use [jakarta.persistence.sharedCache.mode] instead
2024-12-14T02:49:42.054+09:00  INFO 87171 --- [    Test worker] com.zaxxer.hikari.HikariDataSource       : HikariPool-1 - Starting...
2024-12-14T02:49:42.205+09:00  INFO 87171 --- [    Test worker] com.zaxxer.hikari.pool.HikariPool        : HikariPool-1 - Added connection com.mysql.cj.jdbc.ConnectionImpl@340fc1aa
2024-12-14T02:49:42.206+09:00  INFO 87171 --- [    Test worker] com.zaxxer.hikari.HikariDataSource       : HikariPool-1 - Start completed.
2024-12-14T02:49:42.214+09:00  INFO 87171 --- [    Test worker] SQL dialect                              : HHH000400: Using dialect: org.hibernate.dialect.MySQL8Dialect
2024-12-14T02:49:42.215+09:00  WARN 87171 --- [    Test worker] org.hibernate.orm.deprecation            : HHH90000026: MySQL8Dialect has been deprecated; use org.hibernate.dialect.MySQLDialect instead
2024-12-14T02:49:42.745+09:00  INFO 87171 --- [    Test worker] o.h.e.t.j.p.i.JtaPlatformInitiator       : HHH000490: Using JtaPlatform implementation: [org.hibernate.engine.transaction.jta.platform.internal.NoJtaPlatform]
2024-12-14T02:49:42.749+09:00  INFO 87171 --- [    Test worker] j.LocalContainerEntityManagerFactoryBean : Initialized JPA EntityManagerFactory for persistence unit 'default'
2024-12-14T02:49:43.085+09:00  WARN 87171 --- [    Test worker] JpaBaseConfiguration$JpaWebConfiguration : spring.jpa.open-in-view is enabled by default. Therefore, database queries may be performed during view rendering. Explicitly configure spring.jpa.open-in-view to disable this warning
2024-12-14T02:49:43.305+09:00  INFO 87171 --- [    Test worker] umc.spring.ApplicationTests              : Started ApplicationTests in 2.141 seconds (process running for 2.643)
Executing findRestaurantsByNameAndRating with parameters:
Name: 요아정
Rating: 4.0
Hibernate: 
    /* select
        restaurant 
    from
        Restaurant restaurant 
    where
        restaurant.name = ?1 
        and restaurant.rating >= ?2 */ select
            r1_0.id,
            r1_0.address,
            r1_0.created_at,
            r1_0.menu_id,
            r1_0.name,
            r1_0.rating,
            r1_0.region_id,
            r1_0.updated_at 
        from
            restaurant r1_0 
        where
            r1_0.name=? 
            and r1_0.rating>=?
]]></system-out>
  <system-err><![CDATA[ANTLR Tool version 4.10 used for code generation does not match the current runtime version 4.13.0
ANTLR Runtime version 4.10 used for parser compilation does not match the current runtime version 4.13.0
ANTLR Tool version 4.10 used for code generation does not match the current runtime version 4.13.0
ANTLR Runtime version 4.10 used for parser compilation does not match the current runtime version 4.13.0
]]></system-err>
</testsuite>
