<?xml version="1.0" encoding="UTF-8"?>
<testsuite name="umc.spring.ApplicationTests" tests="1" skipped="0" failures="0" errors="0" timestamp="2024-12-19T19:13:46" hostname="gimminjiui-MacBookAir-1600.local" time="0.322">
  <properties/>
  <testcase name="contextLoads()" classname="umc.spring.ApplicationTests" time="0.322"/>
  <system-out><![CDATA[04:13:43.737 [Test worker] INFO org.springframework.test.context.support.AnnotationConfigContextLoaderUtils -- Could not detect default configuration classes for test class [umc.spring.ApplicationTests]: ApplicationTests does not declare any static, non-private, non-final, nested classes annotated with @Configuration.
04:13:43.794 [Test worker] INFO org.springframework.boot.test.context.SpringBootTestContextBootstrapper -- Found @SpringBootConfiguration umc.spring.Application for test class umc.spring.ApplicationTests

  .   ____          _            __ _ _
 /\\ / ___'_ __ _ _(_)_ __  __ _ \ \ \ \
( ( )\___ | '_ | '_| | '_ \/ _` | \ \ \ \
 \\/  ___)| |_)| | | | | || (_| |  ) ) ) )
  '  |____| .__|_| |_|_| |_\__, | / / / /
 =========|_|==============|___/=/_/_/_/

 :: Spring Boot ::                (v3.3.3)

2024-12-20T04:13:43.973+09:00  INFO 57237 --- [    Test worker] umc.spring.ApplicationTests              : Starting ApplicationTests using Java 17.0.13 with PID 57237 (started by xxinzzi in /Users/xxinzzi/Desktop/UMC Spring/umc-7th-springboot-study)
2024-12-20T04:13:43.974+09:00  INFO 57237 --- [    Test worker] umc.spring.ApplicationTests              : No active profile set, falling back to 1 default profile: "default"
2024-12-20T04:13:44.380+09:00  INFO 57237 --- [    Test worker] .s.d.r.c.RepositoryConfigurationDelegate : Bootstrapping Spring Data JPA repositories in DEFAULT mode.
2024-12-20T04:13:44.424+09:00  INFO 57237 --- [    Test worker] .s.d.r.c.RepositoryConfigurationDelegate : Finished Spring Data repository scanning in 41 ms. Found 6 JPA repository interfaces.
2024-12-20T04:13:44.689+09:00  INFO 57237 --- [    Test worker] o.hibernate.jpa.internal.util.LogHelper  : HHH000204: Processing PersistenceUnitInfo [name: default]
2024-12-20T04:13:44.710+09:00  INFO 57237 --- [    Test worker] org.hibernate.Version                    : HHH000412: Hibernate ORM core version 6.0.2.Final
2024-12-20T04:13:44.772+09:00  WARN 57237 --- [    Test worker] org.hibernate.orm.deprecation            : HHH90000021: Encountered deprecated setting [javax.persistence.sharedCache.mode], use [jakarta.persistence.sharedCache.mode] instead
2024-12-20T04:13:44.812+09:00  INFO 57237 --- [    Test worker] com.zaxxer.hikari.HikariDataSource       : HikariPool-1 - Starting...
2024-12-20T04:13:44.969+09:00  INFO 57237 --- [    Test worker] com.zaxxer.hikari.pool.HikariPool        : HikariPool-1 - Added connection com.mysql.cj.jdbc.ConnectionImpl@2f0e7fa8
2024-12-20T04:13:44.970+09:00  INFO 57237 --- [    Test worker] com.zaxxer.hikari.HikariDataSource       : HikariPool-1 - Start completed.
2024-12-20T04:13:44.977+09:00  INFO 57237 --- [    Test worker] SQL dialect                              : HHH000400: Using dialect: org.hibernate.dialect.MySQL8Dialect
2024-12-20T04:13:44.978+09:00  WARN 57237 --- [    Test worker] org.hibernate.orm.deprecation            : HHH90000026: MySQL8Dialect has been deprecated; use org.hibernate.dialect.MySQLDialect instead
2024-12-20T04:13:45.496+09:00  INFO 57237 --- [    Test worker] o.h.e.t.j.p.i.JtaPlatformInitiator       : HHH000490: Using JtaPlatform implementation: [org.hibernate.engine.transaction.jta.platform.internal.NoJtaPlatform]
2024-12-20T04:13:45.499+09:00  INFO 57237 --- [    Test worker] j.LocalContainerEntityManagerFactoryBean : Initialized JPA EntityManagerFactory for persistence unit 'default'
2024-12-20T04:13:45.641+09:00  INFO 57237 --- [    Test worker] o.s.d.j.r.query.QueryEnhancerFactory     : Hibernate is in classpath; If applicable, HQL parser will be used.
2024-12-20T04:13:45.967+09:00  WARN 57237 --- [    Test worker] JpaBaseConfiguration$JpaWebConfiguration : spring.jpa.open-in-view is enabled by default. Therefore, database queries may be performed during view rendering. Explicitly configure spring.jpa.open-in-view to disable this warning
2024-12-20T04:13:45.978+09:00  INFO 57237 --- [    Test worker] r$InitializeUserDetailsManagerConfigurer : Global AuthenticationManager configured with UserDetailsService bean with name customUserDetailsService
2024-12-20T04:13:46.378+09:00  INFO 57237 --- [    Test worker] umc.spring.ApplicationTests              : Started ApplicationTests in 2.518 seconds (process running for 3.052)
]]></system-out>
  <system-err><![CDATA[ANTLR Tool version 4.10 used for code generation does not match the current runtime version 4.13.0
ANTLR Runtime version 4.10 used for parser compilation does not match the current runtime version 4.13.0
ANTLR Tool version 4.10 used for code generation does not match the current runtime version 4.13.0
ANTLR Runtime version 4.10 used for parser compilation does not match the current runtime version 4.13.0
]]></system-err>
</testsuite>
